Layout was forced before the page was fully loaded. If stylesheets are not yet loaded this may cause a flash of unstyled content. node.js:417:1
Error while fetching an original source: request failed with status 404
Stack in the worker:networkRequest@resource://devtools/client/shared/source-map-loader/utils/network-request.js:43:9

Source URL: https://moviepoll.mewling-goat-tavern.online/src/js/config.ts
GET
https://moviepoll.mewling-goat-tavern.online/favicon.ico
[HTTP/2 404  25ms]

	
GET
	https://moviepoll.mewling-goat-tavern.online/favicon.ico
Status
404
VersionHTTP/2
Transferred5.92 kB (9.38 kB size)
Referrer Policystrict-origin-when-cross-origin
DNS ResolutionSystem

XHRPOST
https://mewling-goat-backend.tavern-b8d.workers.dev/?action=vote
CORS Missing Allow Origin

Cross-Origin Request Blocked: The Same Origin Policy disallows reading the remote resource at https://mewling-goat-backend.tavern-b8d.workers.dev/?action=vote. (Reason: CORS header ‘Access-Control-Allow-Origin’ missing). Status code: 500.
API call failed for action: vote TypeError: NetworkError when attempting to fetch resource. config.js:72:17
XHRPOST
https://mewling-goat-backend.tavern-b8d.workers.dev/?action=vote
[HTTP/3 500  20ms]

Cross-Origin Request Blocked: The Same Origin Policy disallows reading the remote resource at https://mewling-goat-backend.tavern-b8d.workers.dev/?action=vote. (Reason: CORS header ‘Access-Control-Allow-Origin’ missing). Status code: 500.
API call failed for action: vote TypeError: NetworkError when attempting to fetch resource. config.js:72:17
