Invalid movie list response 
Object { debug: true }
script.js:37:21
No good match found for "The Thing" - best similarity too poor: 128.4 null script.js:40:21
Movies remaining to process: 20 null script.js:34:21
No good match found for "Night of the Creeps" - best similarity too poor: 147.59999999999997 null script.js:40:21
Movies remaining to process: 19 null script.js:34:21
No good match found for "The Final Girls" - best similarity too poor: 130.79999999999998 null script.js:40:21
Movies remaining to process: 18 null script.js:34:21
No good match found for "The Final Girls" - best similarity too poor: 71.2 null script.js:40:21
Movies remaining to process: 17 null script.js:34:21
No good match found for "The Final Girls" - best similarity too poor: 136.2 null script.js:40:21
Movies remaining to process: 16 null script.js:34:21
No good match found for "The Final Girls" - best similarity too poor: 58.800000000000004 null script.js:40:21
Movies remaining to process: 15 null script.js:34:21
No good match found for "The Thing" - best similarity too poor: 52.599999999999994 null script.js:40:21
Movies remaining to process: 14 null script.js:34:21
No good match found for "Night of the Creeps" - best similarity too poor: 89.79999999999998 null script.js:40:21
Movies remaining to process: 13 null script.js:34:21
Movies remaining to process: 12 null script.js:34:21
No good match found for "Night of the Creeps" - best similarity too poor: 111.39999999999999 null script.js:40:21
Movies remaining to process: 11 null script.js:34:21
No good match found for "Night of the Creeps" - best similarity too poor: 81 null script.js:40:21
Movies remaining to process: 10 null script.js:34:21
No good match found for "The Final Girls" - best similarity too poor: 68.79999999999998 null script.js:40:21
Movies remaining to process: 9 null script.js:34:21
Found exact year match! Fetching details for The Final Girls null script.js:34:21
Movies remaining to process: 8 null script.js:34:21
Uncaught TypeError: can't access property "toString", m.year is undefined
    startSearchAndFetch script.ts:162
    startSearchAndFetch script.ts:159
    <anonymous> exec:1
script.js:106:48
Uncaught TypeError: can't access property "toString", m.year is undefined
    startSearchAndFetch script.ts:162
    startSearchAndFetch script.ts:159
    <anonymous> exec:1
script.js:106:48
No good match found for "Night of the Creeps" - best similarity too poor: 50.9 null script.js:40:21
Movies remaining to process: 7 null script.js:34:21
Uncaught TypeError: can't access property "toString", m.year is undefined
    startSearchAndFetch script.ts:162
    startSearchAndFetch script.ts:159
    <anonymous> exec:1
script.js:106:48
Uncaught TypeError: can't access property "toString", m.year is undefined
    startSearchAndFetch script.ts:162
    startSearchAndFetch script.ts:159
    <anonymous> exec:1
script.js:106:48
Found exact year match! Fetching details for Night of the Creeps null script.js:34:21
Movies remaining to process: 6 null script.js:34:21
No good match found for "Little Shop of Horrors" - best similarity too poor: 91.7 null script.js:40:21
Movies remaining to process: 5 null script.js:34:21
Found exact year match! Fetching details for Little Shop of Horrors null script.js:34:21
Movies remaining to process: 4 null script.js:34:21
