Debug status set to: true script.js:34:21
Search results for "The Running Man" (1987): 
Object { page: 1, results: (1) […], total_pages: 1, total_results: 1 }
script.js:30:25
Search result 
Array [ {…} ]
script.js:30:25
Similarity: 79.60000000000001 null script.js:30:25
No year match found for "The Running Man" (1987), using best similarity match as fallback null script.js:30:25
No good match found for "The Running Man" - best similarity too poor: 79.60000000000001 null script.js:40:21
Movies remaining to process: 20 null script.js:34:21
Search results for "Tucker and Dale vs. Evil" (2010): 
Object { page: 1, results: (1) […], total_pages: 1, total_results: 1 }
script.js:30:25
Search result 
Array [ {…} ]
script.js:30:25
Similarity: 63.50000000000001 null script.js:30:25
No year match found for "Tucker and Dale vs. Evil" (2010), using best similarity match as fallback null script.js:30:25
No good match found for "Tucker and Dale vs. Evil" - best similarity too poor: 63.50000000000001 null script.js:40:21
Movies remaining to process: 19 null script.js:34:21
Search results for "House" (1977): 
Object { page: 1, results: (1) […], total_pages: 1, total_results: 1 }
script.js:30:25
Search result 
Array [ {…} ]
script.js:30:25
Similarity: 117.6 null script.js:30:25
No year match found for "House" (1977), using best similarity match as fallback null script.js:30:25
No good match found for "House" - best similarity too poor: 117.6 null script.js:40:21
Movies remaining to process: 18 null script.js:34:21
Search results for "Predator" (1987): 
Object { page: 1, results: (9) […], total_pages: 1, total_results: 9 }
script.js:30:25
Search result 
Array(9) [ {…}, {…}, {…}, {…}, {…}, {…}, {…}, {…}, {…} ]
script.js:30:25
Similarity: 65.2 null script.js:30:25
Similarity: 170.6 null script.js:30:25
Similarity: 147.2 null script.js:30:25
Similarity: 120.2 null script.js:30:25
Similarity: 227 null script.js:30:25
Similarity: 229.6 null script.js:30:25
Similarity: 92.60000000000001 null script.js:30:25
Similarity: 77.4 null script.js:30:25
Similarity: 74.4 null script.js:30:25
No year match found for "Predator" (1987), using best similarity match as fallback null script.js:30:25
No good match found for "Predator" - best similarity too poor: 65.2 null script.js:40:21
Movies remaining to process: 17 null script.js:34:21
Search results for "Predator" (1987): 
Object { page: 1, results: (1) […], total_pages: 1, total_results: 1 }
script.js:30:25
Search result 
Array [ {…} ]
script.js:30:25
Similarity: 160.59999999999997 null script.js:30:25
No year match found for "Predator" (1987), using best similarity match as fallback null script.js:30:25
No good match found for "Predator" - best similarity too poor: 160.59999999999997 null script.js:40:21
Movies remaining to process: 16 null script.js:34:21
Search results for "Night of the Creeps" (1986): 
Object { page: 1, results: (1) […], total_pages: 1, total_results: 1 }
script.js:30:25
Search result 
Array [ {…} ]
script.js:30:25
Similarity: 0 null script.js:30:25
Found exact year match! Fetching details for Night of the Creeps null script.js:34:21
Movies remaining to process: 15 null script.js:34:21
Search results for "Tucker and Dale vs. Evil" (2010): 
Object { page: 1, results: (1) […], total_pages: 1, total_results: 1 }
script.js:30:25
Search result 
Array [ {…} ]
script.js:30:25
Similarity: 0 null script.js:30:25
Found exact year match! Fetching details for Tucker and Dale vs. Evil null script.js:34:21
Movies remaining to process: 14 null script.js:34:21
Search results for "Tucker and Dale vs. Evil" (undefined): 
Object { page: 1, results: (18) […], total_pages: 1, total_results: 18 }
script.js:30:25
Search result 
Array(18) [ {…}, {…}, {…}, {…}, {…}, {…}, {…}, {…}, {…}, {…}, … ]
script.js:30:25
Similarity: 82.2 null script.js:30:25
Similarity: 128.20000000000002 null script.js:30:25
Similarity: 113.19999999999999 null script.js:30:25
Similarity: 112.6 null script.js:30:25
Similarity: 118.4 null script.js:30:25
Similarity: 195.2 null script.js:30:25
Similarity: 142.79999999999998 null script.js:30:25
Similarity: 120 null script.js:30:25
Similarity: 168.20000000000002 null script.js:30:25
Similarity: 154.99999999999997 null script.js:30:25
Similarity: 136 null script.js:30:25
Similarity: 172.6 null script.js:30:25
Similarity: 107.8 null script.js:30:25
Similarity: 102.39999999999999 null script.js:30:25
Similarity: 168.8 null script.js:30:25
Similarity: 155.39999999999998 null script.js:30:25
Similarity: 116.39999999999999 null script.js:30:25
Similarity: 127.80000000000001 null script.js:30:25
No year match found for "Tucker and Dale vs. Evil" (undefined), using best similarity match as fallback null script.js:30:25
No good match found for "Tucker and Dale vs. Evil" - best similarity too poor: 82.2 null script.js:40:21
Movies remaining to process: 13 null script.js:34:21
Search results for "Predator" (1987): 
Object { page: 1, results: (4) […], total_pages: 1, total_results: 4 }
script.js:30:25
Search result 
Array(4) [ {…}, {…}, {…}, {…} ]
script.js:30:25
Similarity: 0 null script.js:30:25
Found exact year match! Fetching details for Predator null script.js:34:21
Movies remaining to process: 12 null script.js:34:21
Similarity: 0 null script.js:30:25
Similarity: 48.4 null script.js:30:25
Similarity: 151.2 null script.js:30:25
Search results for "Predator" (undefined): 
Object { page: 1, results: (1) […], total_pages: 1, total_results: 1 }
script.js:30:25
Search result 
Array [ {…} ]
script.js:30:25
Similarity: 194.4 null script.js:30:25
No year match found for "Predator" (undefined), using best similarity match as fallback null script.js:30:25
No good match found for "Predator" - best similarity too poor: 194.4 null script.js:40:21
Movies remaining to process: 11 null script.js:34:21
Search results for "House" (1977): 
Object { page: 1, results: (1) […], total_pages: 1, total_results: 1 }
script.js:30:25
Search result 
Array [ {…} ]
script.js:30:25
Similarity: 153.99999999999997 null script.js:30:25
No year match found for "House" (1977), using best similarity match as fallback null script.js:30:25
No good match found for "House" - best similarity too poor: 153.99999999999997 null script.js:40:21
Movies remaining to process: 10 null script.js:34:21
Search results for "Scream" (1996): 
Object { page: 1, results: (10) […], total_pages: 1, total_results: 10 }
script.js:30:25
Search result 
Array(10) [ {…}, {…}, {…}, {…}, {…}, {…}, {…}, {…}, {…}, {…} ]
script.js:30:25
Similarity: 0 null script.js:30:25
Found exact year match! Fetching details for Scream null script.js:34:21
Movies remaining to process: 9 null script.js:34:21
Similarity: 19.199999999999996 null script.js:30:25
Similarity: 134.6 null script.js:30:25
Similarity: 96 null script.js:30:25
Similarity: 77.7 null script.js:30:25
Similarity: 27.4 null script.js:30:25
Similarity: 100.6 null script.js:30:25
Similarity: 189 null script.js:30:25
Similarity: 82.4 null script.js:30:25
Similarity: 80.39999999999999 null script.js:30:25
Search results for "The Running Man" (1987): 
Object { page: 1, results: (1) […], total_pages: 1, total_results: 1 }
script.js:30:25
Search result 
Array [ {…} ]
script.js:30:25
Similarity: 122.19999999999999 null script.js:30:25
No year match found for "The Running Man" (1987), using best similarity match as fallback null script.js:30:25
No good match found for "The Running Man" - best similarity too poor: 122.19999999999999 null script.js:40:21
Movies remaining to process: 8 null script.js:34:21
Search results for "House" (1977): 
Object { page: 1, results: (1) […], total_pages: 1, total_results: 1 }
script.js:30:25
Search result 
Array [ {…} ]
script.js:30:25
Similarity: 65.79999999999998 null script.js:30:25
No year match found for "House" (1977), using best similarity match as fallback null script.js:30:25
No good match found for "House" - best similarity too poor: 65.79999999999998 null script.js:40:21
Movies remaining to process: 7 null script.js:34:21
Search results for "House" (1977): 
Object { page: 1, results: (20) […], total_pages: 2, total_results: 34 }
script.js:30:25
Search result 
Array(20) [ {…}, {…}, {…}, {…}, {…}, {…}, {…}, {…}, {…}, {…}, … ]
script.js:30:25
Similarity: 115.19999999999999 null script.js:30:25
Similarity: 36.599999999999994 null script.js:30:25
Similarity: 0 null script.js:30:25
Found exact year match! Fetching details for House null script.js:34:21
Movies remaining to process: 6 null script.js:34:21
Similarity: 45.8 null script.js:30:25
Similarity: 52.99999999999999 null script.js:30:25
Similarity: 104.19999999999999 null script.js:30:25
Similarity: 183 null script.js:30:25
Similarity: 174.6 null script.js:30:25
Similarity: 179.4 null script.js:30:25
Similarity: 105.99999999999999 null script.js:30:25
Similarity: 138 null script.js:30:25
Similarity: 45.8 null script.js:30:25
Similarity: 141.79999999999998 null script.js:30:25
Similarity: 55.699999999999996 null script.js:30:25
Similarity: 225.20000000000002 null script.js:30:25
Similarity: 126.19999999999999 null script.js:30:25
Similarity: 135.4 null script.js:30:25
Similarity: 51.199999999999996 null script.js:30:25
Similarity: 89.60000000000001 null script.js:30:25
Similarity: 168.4 null script.js:30:25
Search results for "House" (undefined): 
Object { page: 1, results: (2) […], total_pages: 1, total_results: 2 }
script.js:30:25
Search result 
Array [ {…}, {…} ]
script.js:30:25
Similarity: 42.2 null script.js:30:25
Similarity: 78.4 null script.js:30:25
No year match found for "House" (undefined), using best similarity match as fallback null script.js:30:25
Using fallback: Paprika (2006) - similarity: 42.2 null script.js:30:25
Movies remaining to process: 5 null script.js:34:21
Search results for "Paprika" (undefined): 
Object { page: 1, results: (1) […], total_pages: 1, total_results: 1 }
script.js:30:25
Search result 
Array [ {…} ]
script.js:30:25
Similarity: 95 null script.js:30:25
No year match found for "Paprika" (undefined), using best similarity match as fallback null script.js:30:25
No good match found for "Paprika" - best similarity too poor: 95 null script.js:40:21
Movies remaining to process: 4 null script.js:34:21
Search results for "Paprika" (undefined): 
Object { page: 1, results: (1) […], total_pages: 1, total_results: 1 }
script.js:30:25
Search result 
Array [ {…} ]
script.js:30:25
Similarity: 175.20000000000002 null script.js:30:25
No year match found for "Paprika" (undefined), using best similarity match as fallback null script.js:30:25
No good match found for "Paprika" - best similarity too poor: 175.20000000000002 null script.js:40:21
Movies remaining to process: 3 null script.js:34:21
Search results for "The Running Man" (1987): 
Object { page: 1, results: (1) […], total_pages: 1, total_results: 1 }
script.js:30:25
Search result 
Array [ {…} ]
script.js:30:25
Similarity: 0 null script.js:30:25
Found exact year match! Fetching details for The Running Man null script.js:34:21
Movies remaining to process: 2 null script.js:34:21
Search results for "Paprika" (undefined): 
Object { page: 1, results: (1) […], total_pages: 1, total_results: 1 }
script.js:30:25
Search result 
Array [ {…} ]
script.js:30:25
Similarity: 64 null script.js:30:25
No year match found for "Paprika" (undefined), using best similarity match as fallback null script.js:30:25
No good match found for "Paprika" - best similarity too poor: 64 null script.js:40:21
Movies remaining to process: 1 null script.js:34:21
Search results for "Predator" (undefined): 
Object { page: 1, results: (1) […], total_pages: 1, total_results: 1 }
script.js:30:25
Search result 
Array [ {…} ]
script.js:30:25
Similarity: 63.2 null script.js:30:25
No year match found for "Predator" (undefined), using best similarity match as fallback null script.js:30:25
No good match found for "Predator" - best similarity too poor: 63.2 null script.js:40:21
Movies remaining to process: 0 null script.js:34:21
All movies processed! Loading complete. null script.js:34:21
All movies fully loaded: false script.js:30:25
Movies not fully loaded yet, waiting... null script.js:34:21
