Debug status set to: true script.js:35:21
Raw response from Google Sheet: 
Array(21) [ "Beetlejuice (1988)", "Little Shop of Horrors (1986)", "The Running Man (1987)", "They Live (1988)", "Redline (2009)", "Tucker and Dale vs. Evil (2010)", "Idle Hands (1999)", "The Return of the Living Dead (1985)", "The Thing (1982)", "Vampire Hunter D: Bloodlust (2000)", … ]
script.js:31:25
Response type: object script.js:31:25
Is array: true script.js:31:25
Processed movie data: 
Array(21) [ {…}, {…}, {…}, {…}, {…}, {…}, {…}, {…}, {…}, {…}, … ]
script.js:31:25
Search results for "The Thing" (1982): 
Object { page: 1, results: (1) […], total_pages: 1, total_results: 1 }
script.js:31:25
Search result 
Array [ {…} ]
script.js:31:25
Similarity: 127.4 null script.js:31:25
No year match found for "The Thing" (1982), using best similarity match as fallback null script.js:31:25
No good match found for "The Thing" - best similarity too poor: 127.4 null script.js:41:21
Movies remaining to process: 20 null script.js:35:21
Search results for "Night of the Creeps" (1986): 
Object { page: 1, results: (2) […], total_pages: 1, total_results: 2 }
script.js:31:25
Search result 
Array [ {…}, {…} ]
script.js:31:25
Similarity: 81 null script.js:31:25
Similarity: 99.39999999999999 null script.js:31:25
No year match found for "Night of the Creeps" (1986), using best similarity match as fallback null script.js:31:25
Using fallback: Paprika (2006) - similarity: 81 null script.js:31:25
Movies remaining to process: 19 null script.js:35:21
Search results for "The Running Man" (1987): 
Object { page: 1, results: (1) […], total_pages: 1, total_results: 1 }
script.js:31:25
Search result 
Array [ {…} ]
script.js:31:25
Similarity: 122.19999999999999 null script.js:31:25
No year match found for "The Running Man" (1987), using best similarity match as fallback null script.js:31:25
No good match found for "The Running Man" - best similarity too poor: 122.19999999999999 null script.js:41:21
Movies remaining to process: 18 null script.js:35:21
Search results for "The Final Girls" (2015): 
Object { page: 1, results: (10) […], total_pages: 1, total_results: 10 }
script.js:31:25
Search result 
Array(10) [ {…}, {…}, {…}, {…}, {…}, {…}, {…}, {…}, {…}, {…} ]
script.js:31:25
Similarity: 58.800000000000004 null script.js:31:25
Similarity: 68.99999999999999 null script.js:31:25
Similarity: 140.59999999999997 null script.js:31:25
Similarity: 110.99999999999999 null script.js:31:25
Similarity: 107.39999999999999 null script.js:31:25
Similarity: 75.8 null script.js:31:25
Similarity: 117.39999999999998 null script.js:31:25
Similarity: 156.6 null script.js:31:25
Similarity: 78.39999999999999 null script.js:31:25
Similarity: 64.2 null script.js:31:25
No year match found for "The Final Girls" (2015), using best similarity match as fallback null script.js:31:25
Using fallback: Scream (1996) - similarity: 58.800000000000004 null script.js:31:25
Movies remaining to process: 17 null script.js:35:21
Search results for "Paprika" (undefined): 
Object { page: 1, results: (20) […], total_pages: 2, total_results: 34 }
script.js:31:25
Search result 
Array(20) [ {…}, {…}, {…}, {…}, {…}, {…}, {…}, {…}, {…}, {…}, … ]
script.js:31:25
Similarity: 157 null script.js:31:25
Similarity: 72.4 null script.js:31:25
Similarity: 45.800000000000004 null script.js:31:25
Similarity: 79.8 null script.js:31:25
Similarity: 98.99999999999999 null script.js:31:25
Similarity: 152.6 null script.js:31:25
Similarity: 230.79999999999998 null script.js:31:25
Similarity: 221.8 null script.js:31:25
Similarity: 214 null script.js:31:25
Similarity: 161 null script.js:31:25
Similarity: 170.79999999999998 null script.js:31:25
Similarity: 79.8 null script.js:31:25
Similarity: 199.2 null script.js:31:25
Similarity: 130.79999999999998 null script.js:31:25
Similarity: 85.8 null script.js:31:25
Similarity: 262.8 null script.js:31:25
Similarity: 164.4 null script.js:31:25
Similarity: 170 null script.js:31:25
Similarity: 98.99999999999999 null script.js:31:25
Similarity: 217.39999999999998 null script.js:31:25
No year match found for "Paprika" (undefined), using best similarity match as fallback null script.js:31:25
Using fallback: House (1977) - similarity: 45.800000000000004 null script.js:31:25
Movies remaining to process: 16 null script.js:35:21
Search results for "The Thing" (1982): 
Object { page: 1, results: (9) […], total_pages: 1, total_results: 9 }
script.js:31:25
Search result 
Array(9) [ {…}, {…}, {…}, {…}, {…}, {…}, {…}, {…}, {…} ]
script.js:31:25
Similarity: 0 null script.js:31:25
Found exact year match! Fetching details for The Thing null script.js:35:21
Movies remaining to process: 15 null script.js:35:21
Similarity: 87.99999999999999 null script.js:31:25
Similarity: 97 null script.js:31:25
Similarity: 60.4 null script.js:31:25
Similarity: 149.2 null script.js:31:25
Similarity: 156 null script.js:31:25
Similarity: 57.99999999999999 null script.js:31:25
Similarity: 51.8 null script.js:31:25
Similarity: 32.6 null script.js:31:25
Search results for "Scream" (undefined): 
Object { page: 1, results: (1) […], total_pages: 1, total_results: 1 }
script.js:31:25
Search result 
Array [ {…} ]
script.js:31:25
Similarity: 159 null script.js:31:25
No year match found for "Scream" (undefined), using best similarity match as fallback null script.js:31:25
No good match found for "Scream" - best similarity too poor: 159 null script.js:41:21
Movies remaining to process: 14 null script.js:35:21
Search results for "Scream" (undefined): 
Object { page: 1, results: (1) […], total_pages: 1, total_results: 1 }
script.js:31:25
Search result 
Array [ {…} ]
script.js:31:25
Similarity: 55.4 null script.js:31:25
No year match found for "Scream" (undefined), using best similarity match as fallback null script.js:31:25
Using fallback: Summer Wars (2009) - similarity: 55.4 null script.js:31:25
Movies remaining to process: 13 null script.js:35:21
Search results for "House" (undefined): 
Object { page: 1, results: (1) […], total_pages: 1, total_results: 1 }
script.js:31:25
Search result 
Array [ {…} ]
script.js:31:25
Similarity: 111.2 null script.js:31:25
No year match found for "House" (undefined), using best similarity match as fallback null script.js:31:25
No good match found for "House" - best similarity too poor: 111.2 null script.js:41:21
Movies remaining to process: 12 null script.js:35:21
Search results for "The Thing" (undefined): 
Object { page: 1, results: (1) […], total_pages: 1, total_results: 1 }
script.js:31:25
Search result 
Array [ {…} ]
script.js:31:25
Similarity: 52.599999999999994 null script.js:31:25
No year match found for "The Thing" (undefined), using best similarity match as fallback null script.js:31:25
Using fallback: Idle Hands (1999) - similarity: 52.599999999999994 null script.js:31:25
Movies remaining to process: 11 null script.js:35:21
Search results for "Summer Wars" (undefined): 
Object { page: 1, results: (4) […], total_pages: 1, total_results: 4 }
script.js:31:25
Search result 
Array(4) [ {…}, {…}, {…}, {…} ]
script.js:31:25
Similarity: 55.199999999999996 null 2 script.js:31:25
Similarity: 71.8 null script.js:31:25
Similarity: 123 null script.js:31:25
No year match found for "Summer Wars" (undefined), using best similarity match as fallback null script.js:31:25
Using fallback: Predator (1987) - similarity: 55.199999999999996 null script.js:31:25
Movies remaining to process: 10 null script.js:35:21
Search results for "Predator" (undefined): 
Object { page: 1, results: (1) […], total_pages: 1, total_results: 1 }
script.js:31:25
Search result 
Array [ {…} ]
script.js:31:25
Similarity: 95.79999999999998 null script.js:31:25
No year match found for "Predator" (undefined), using best similarity match as fallback null script.js:31:25
Using fallback: The Final Girls (2015) - similarity: 95.79999999999998 null script.js:31:25
Movies remaining to process: 9 null script.js:35:21
Search results for "House" (undefined): 
Object { page: 1, results: (1) […], total_pages: 1, total_results: 1 }
script.js:31:25
Search result 
Array [ {…} ]
script.js:31:25
Similarity: 117.6 null script.js:31:25
No year match found for "House" (undefined), using best similarity match as fallback null script.js:31:25
No good match found for "House" - best similarity too poor: 117.6 null script.js:41:21
Movies remaining to process: 8 null script.js:35:21
Search results for "Idle Hands" (undefined): 
Object { page: 1, results: (1) […], total_pages: 1, total_results: 1 }
script.js:31:25
Search result 
Array [ {…} ]
script.js:31:25
Similarity: 119 null script.js:31:25
No year match found for "Idle Hands" (undefined), using best similarity match as fallback null script.js:31:25
No good match found for "Idle Hands" - best similarity too poor: 119 null script.js:41:21
Movies remaining to process: 7 null script.js:35:21
Search results for "Idle Hands" (undefined): 
Object { page: 1, results: (1) […], total_pages: 1, total_results: 1 }
script.js:31:25
Search result 
Array [ {…} ]
script.js:31:25
Similarity: 44.99999999999999 null script.js:31:25
No year match found for "Idle Hands" (undefined), using best similarity match as fallback null script.js:31:25
Using fallback: Redline (2009) - similarity: 44.99999999999999 null script.js:31:25
Movies remaining to process: 6 null script.js:35:21
Search results for "The Running Man" (1987): 
Object { page: 1, results: (1) […], total_pages: 1, total_results: 1 }
script.js:31:25
Search result 
Array [ {…} ]
script.js:31:25
Similarity: 0 null script.js:31:25
Found exact year match! Fetching details for The Running Man null script.js:35:21
Movies remaining to process: 5 null script.js:35:21
Search results for "Beetlejuice" (1988): 
Object { page: 1, results: (1) […], total_pages: 1, total_results: 1 }
script.js:31:25
Search result 
Array [ {…} ]
script.js:31:25
Similarity: 0 null script.js:31:25
Found exact year match! Fetching details for Beetlejuice null script.js:35:21
Movies remaining to process: 4 null script.js:35:21
Search results for "House" (undefined): 
Object { page: 1, results: (1) […], total_pages: 1, total_results: 1 }
script.js:31:25
Search result 
Array [ {…} ]
script.js:31:25
Similarity: 65.79999999999998 null script.js:31:25
No year match found for "House" (undefined), using best similarity match as fallback null script.js:31:25
Using fallback: Perfect Blue (1998) - similarity: 65.79999999999998 null script.js:31:25
Movies remaining to process: 3 null script.js:35:21
Search results for "Perfect Blue" (undefined): 
Object { page: 1, results: (1) […], total_pages: 1, total_results: 1 }
script.js:31:25
Search result 
Array [ {…} ]
script.js:31:25
Similarity: 155.2 null script.js:31:25
No year match found for "Perfect Blue" (undefined), using best similarity match as fallback null script.js:31:25
No good match found for "Perfect Blue" - best similarity too poor: 155.2 null script.js:41:21
Movies remaining to process: 2 null script.js:35:21
Search results for "The Final Girls" (undefined): 
Object { page: 1, results: (1) […], total_pages: 1, total_results: 1 }
script.js:31:25
Search result 
Array [ {…} ]
script.js:31:25
Similarity: 130.79999999999998 null script.js:31:25
No year match found for "The Final Girls" (undefined), using best similarity match as fallback null script.js:31:25
No good match found for "The Final Girls" - best similarity too poor: 130.79999999999998 null script.js:41:21
Movies remaining to process: 1 null script.js:35:21
Search results for "Redline" (undefined): 
Object { page: 1, results: (18) […], total_pages: 1, total_results: 18 }
script.js:31:25
Search result 
Array(18) [ {…}, {…}, {…}, {…}, {…}, {…}, {…}, {…}, {…}, {…}, … ]
script.js:31:25
Similarity: 49.99999999999999 null script.js:31:25
Similarity: 153 null script.js:31:25
Similarity: 150.4 null script.js:31:25
Similarity: 113.2 null script.js:31:25
Similarity: 120.6 null script.js:31:25
Similarity: 250.59999999999997 null script.js:31:25
Similarity: 177.79999999999998 null script.js:31:25
Similarity: 118.39999999999999 null script.js:31:25
Similarity: 215.2 null script.js:31:25
Similarity: 182.79999999999998 null script.js:31:25
Similarity: 175.8 null script.js:31:25
Similarity: 207 null script.js:31:25
Similarity: 97.6 null script.js:31:25
Similarity: 75.99999999999999 null script.js:31:25
Similarity: 226 null script.js:31:25
Similarity: 209 null script.js:31:25
Similarity: 106.99999999999999 null script.js:31:25
Similarity: 151.39999999999998 null script.js:31:25
No year match found for "Redline" (undefined), using best similarity match as fallback null script.js:31:25
Using fallback: They Live (1988) - similarity: 49.99999999999999 null script.js:31:25
Movies remaining to process: 0 null script.js:35:21
All movies processed! Loading complete. null script.js:35:21
All movies fully loaded: false script.js:31:25
Movies not fully loaded yet, waiting... null script.js:35:21
Creating slides in showMoviePoll with movieData: 
Array(21) [ {…}, {…}, {…}, {…}, {…}, {…}, {…}, {…}, {…}, {…}, … ]
script.js:31:25
Creating slides with movies: 
Array(21) [ {…}, {…}, {…}, {…}, {…}, {…}, {…}, {…}, {…}, {…}, … ]
script.js:31:25
Creating slide 0: 
Object { _title: "Beetlejuice", _year: undefined, _poster: "https://image.tmdb.org/t/p/w500/nnl6OWkyPpuMm595hmAxNW3rZFn.jpg", _genres: (2) […], _synopsis: "A newly dead New England couple seeks help from a deranged demon exorcist to scare an affluent New York family out of their home.", _runtime: "92 min", _videos: (12) […], _vote: null, hasAnsweredSeen: false, hasSeen: null, … }
script.js:31:25
Creating slide 1: 
Object { _title: "Little Shop of Horrors", _year: "1986", _poster: "", _genres: [], _synopsis: "", _runtime: "", _videos: [], _vote: null, hasAnsweredSeen: false, hasSeen: null, … }
script.js:31:25
Creating slide 2: 
Object { _title: "The Running Man", _year: undefined, _poster: "https://image.tmdb.org/t/p/w500/GTAUOhO4BN0peJVvxGEQydJvUO.jpg", _genres: (3) […], _synopsis: "By 2017, the global economy has collapsed and U.S. society has become a totalitarian police state, censoring all cultural activity. The government pacifies the populace by broadcasting a number of game shows in which convicted criminals fight for their lives, including the gladiator-style The Running Man, hosted by the ruthless Damon Killian, where “runners” attempt to evade “stalkers” and certain death for a chance to be pardoned and set free.", _runtime: "100 min", _videos: (3) […], _vote: null, hasAnsweredSeen: false, hasSeen: null, … }
script.js:31:25
Creating slide 3: 
Object { _title: "They Live", _year: "1988", _poster: "", _genres: [], _synopsis: "", _runtime: "", _videos: [], _vote: null, hasAnsweredSeen: false, hasSeen: null, … }
script.js:31:25
Creating slide 4: 
Object { _title: "Redline", _year: "2009", _poster: "", _genres: [], _synopsis: "", _runtime: "", _videos: [], _vote: null, hasAnsweredSeen: false, hasSeen: null, … }
script.js:31:25
Creating slide 5: 
Object { _title: "Tucker and Dale vs. Evil", _year: "2010", _poster: "", _genres: [], _synopsis: "", _runtime: "", _videos: [], _vote: null, hasAnsweredSeen: false, hasSeen: null, … }
script.js:31:25
Creating slide 6: 
Object { _title: "Idle Hands", _year: "1999", _poster: "", _genres: [], _synopsis: "", _runtime: "", _videos: [], _vote: null, hasAnsweredSeen: false, hasSeen: null, … }
script.js:31:25
Creating slide 7: 
Object { _title: "The Return of the Living Dead", _year: "1985", _poster: "", _genres: [], _synopsis: "", _runtime: "", _videos: [], _vote: null, hasAnsweredSeen: false, hasSeen: null, … }
script.js:31:25
Creating slide 8: 
Object { _title: "They Live", _year: undefined, _poster: "https://image.tmdb.org/t/p/w500/ngnybFTuopfbfmmEeX9jjBQQmF6.jpg", _genres: (2) […], _synopsis: "A lone drifter stumbles upon a unique pair of sunglasses that reveal aliens are systematically gaining control of the Earth by masquerading as humans and lulling the public into submission.", _runtime: "93 min", _videos: (10) […], _vote: null, hasAnsweredSeen: false, hasSeen: null, … }
script.js:31:25
Creating slide 9: 
Object { _title: "Vampire Hunter D: Bloodlust", _year: "2000", _poster: "", _genres: [], _synopsis: "", _runtime: "", _videos: [], _vote: null, hasAnsweredSeen: false, hasSeen: null, … }
script.js:31:25
Creating slide 10: 
Object { _title: "Predator", _year: "1987", _poster: "", _genres: [], _synopsis: "", _runtime: "", _videos: [], _vote: null, hasAnsweredSeen: false, hasSeen: null, … }
script.js:31:25
Creating slide 11: 
Object { _title: "Scream", _year: "1996", _poster: "", _genres: [], _synopsis: "", _runtime: "", _videos: [], _vote: null, hasAnsweredSeen: false, hasSeen: null, … }
script.js:31:25
Creating slide 12: 
Object { _title: "Big Trouble in Little China", _year: "1986", _poster: "", _genres: [], _synopsis: "", _runtime: "", _videos: [], _vote: null, hasAnsweredSeen: false, hasSeen: null, … }
script.js:31:25
Creating slide 13: 
Object { _title: "Summer Wars", _year: "2009", _poster: "", _genres: [], _synopsis: "", _runtime: "", _videos: [], _vote: null, hasAnsweredSeen: false, hasSeen: null, … }
script.js:31:25
Creating slide 14: 
Object { _title: "The Final Girls", _year: undefined, _poster: "https://image.tmdb.org/t/p/w500/gQYKSRVo5iZACFOY6x50RblI6rx.jpg", _genres: (2) […], _synopsis: "A young woman grieving the loss of her mother, a famous scream queen from the 1980s, finds herself pulled into the world of her mom's most famous movie. Reunited, the women must fight off the film's maniacal killer.", _runtime: "91 min", _videos: (1) […], _vote: null, hasAnsweredSeen: false, hasSeen: null, … }
script.js:31:25
Creating slide 15: 
Object { _title: "Paprika", _year: "2006", _poster: "", _genres: [], _synopsis: "", _runtime: "", _videos: [], _vote: null, hasAnsweredSeen: false, hasSeen: null, … }
script.js:31:25
Creating slide 16: 
Object { _title: "The Texas Chain Saw Massacre", _year: "1974", _poster: "", _genres: [], _synopsis: "", _runtime: "", _videos: [], _vote: null, hasAnsweredSeen: false, hasSeen: null, … }
script.js:31:25
Creating slide 17: 
Object { _title: "Escape from New York", _year: "1981", _poster: "", _genres: [], _synopsis: "", _runtime: "", _videos: [], _vote: null, hasAnsweredSeen: false, hasSeen: null, … }
script.js:31:25
Creating slide 18: 
Object { _title: "Perfect Blue", _year: "1997", _poster: "", _genres: [], _synopsis: "", _runtime: "", _videos: [], _vote: null, hasAnsweredSeen: false, hasSeen: null, … }
script.js:31:25
Creating slide 19: 
Object { _title: "House", _year: "1977", _poster: "", _genres: [], _synopsis: "", _runtime: "", _videos: [], _vote: null, hasAnsweredSeen: false, hasSeen: null, … }
script.js:31:25
Creating slide 20: 
Object { _title: "Perfect Blue", _year: undefined, _poster: "https://image.tmdb.org/t/p/w500/6WTiOCfDPP8XV4jqfloiVWf7KHq.jpg", _genres: (2) […], _synopsis: "Encouraged by her managers, rising pop star Mima takes on a recurring role on a popular TV show, when suddenly her handlers and collaborators begin turning up murdered.", _runtime: "82 min", _videos: (7) […], _vote: null, hasAnsweredSeen: false, hasSeen: null, … }
script.js:31:25
