Layout was forced before the page was fully loaded. If stylesheets are not yet loaded this may cause a flash of unstyled content. node.js:417:1
Raw response from Google Sheet: 
Array(21) [ "Predator (1987)", "The Texas Chain Saw Massacre (1974)", "Summer Wars (2009)", "The Final Girls (2015)", "Idle Hands (1999)", "Scream (1996)", "Beetlejuice (1988)", "Paprika (2006)", "Perfect Blue (1997)", "The Return of the Living Dead (1985)", … ]
script.js:29:21
Processed movie data: 
Array(21) [ {…}, {…}, {…}, {…}, {…}, {…}, {…}, {…}, {…}, {…}, … ]
script.js:29:21
Search results for "Redline" (2009): 
Object { page: 1, results: (1) […], total_pages: 1, total_results: 1 }
script.js:29:21
Search result 
Array [ {…} ]
script.js:29:21
Similarity: 0 null script.js:29:21
No exact name and year match for "Redline" (2009), using first result as fallback null script.js:29:21
Using fallback: Redline (2009) null script.js:29:21
Movies remaining to process: 20 null script.js:32:21
Search results for "Paprika" (2006): 
Object { page: 1, results: (2) […], total_pages: 1, total_results: 2 }
script.js:29:21
Search result 
Array [ {…}, {…} ]
script.js:29:21
Similarity: 0 null script.js:29:21
Similarity: 49.4 null script.js:29:21
Found match! Fetching details for Paprika Western null script.js:32:21
Search results for "Vampire Hunter D: Bloodlust" (2000): 
Object { page: 1, results: (1) […], total_pages: 1, total_results: 1 }
script.js:29:21
Search result 
Array [ {…} ]
script.js:29:21
Similarity: 0 null script.js:29:21
No exact name and year match for "Vampire Hunter D: Bloodlust" (2000), using first result as fallback null script.js:29:21
Using fallback: Vampire Hunter D: Bloodlust (2000) null script.js:29:21
Movies remaining to process: 19 null script.js:32:21
Search results for "The Thing" (1982): 
Object { page: 1, results: (9) […], total_pages: 1, total_results: 9 }
script.js:29:21
Search result 
Array(9) [ {…}, {…}, {…}, {…}, {…}, {…}, {…}, {…}, {…} ]
script.js:29:21
Similarity: 0 null script.js:29:21
Similarity: 87.99999999999999 null script.js:29:21
Found match! Fetching details for The Making of 'The Thing' null script.js:32:21
Similarity: 97 null script.js:29:21
Found match! Fetching details for Things against the law null script.js:32:21
Similarity: 60.4 null script.js:29:21
Found match! Fetching details for The State of Things null script.js:32:21
Similarity: 149.2 null script.js:29:21
Found match! Fetching details for The Bright and Dark Side of Things null script.js:32:21
Similarity: 156 null script.js:29:21
Similarity: 57.99999999999999 null script.js:29:21
Found match! Fetching details for Forgotten Things null script.js:32:21
Similarity: 51.8 null script.js:29:21
Found match! Fetching details for Things Past null script.js:32:21
Similarity: 32.6 null script.js:29:21
Found match! Fetching details for Wild Things null script.js:32:21
Search results for "Perfect Blue" (1997): 
Object { page: 1, results: (1) […], total_pages: 1, total_results: 1 }
script.js:29:21
Search result 
Array [ {…} ]
script.js:29:21
Similarity: 0 null script.js:29:21
No exact name and year match for "Perfect Blue" (1997), using first result as fallback null script.js:29:21
Using fallback: Perfect Blue (1998) null script.js:29:21
Movies remaining to process: 18 null script.js:32:21
Search results for "House" (1977): 
Object { page: 1, results: (20) […], total_pages: 2, total_results: 34 }
script.js:29:21
Search result 
Array(20) [ {…}, {…}, {…}, {…}, {…}, {…}, {…}, {…}, {…}, {…}, … ]
script.js:29:21
Similarity: 115.19999999999999 null script.js:29:21
Found match! Fetching details for Private House of the SS null script.js:32:21
Movies remaining to process: 17 null script.js:32:21
Similarity: 60 null script.js:29:21
Similarity: 12.6 null script.js:29:21
Similarity: 61.3 null script.js:29:21
Similarity: 51.699999999999996 null script.js:29:21
Similarity: 67.99999999999999 null script.js:29:21
Similarity: 148.2 null script.js:29:21
Similarity: 138.59999999999997 null script.js:29:21
Similarity: 158.4 null script.js:29:21
Similarity: 79.4 null script.js:29:21
Similarity: 128.4 null script.js:29:21
Similarity: 60.4 null script.js:29:21
Similarity: 119.6 null script.js:29:21
Similarity: 92.5 null script.js:29:21
Similarity: 210.8 null script.js:29:21
Similarity: 114.19999999999999 null script.js:29:21
Similarity: 115.60000000000001 null script.js:29:21
Similarity: 51.699999999999996 null script.js:29:21
Similarity: 79.9 null script.js:29:21
Similarity: 131.2 null script.js:29:21
Search results for "Scream" (1996): 
Object { page: 1, results: (10) […], total_pages: 1, total_results: 10 }
script.js:29:21
Search result 
Array(10) [ {…}, {…}, {…}, {…}, {…}, {…}, {…}, {…}, {…}, {…} ]
script.js:29:21
Similarity: 0 null script.js:29:21
Similarity: 19.199999999999996 null script.js:29:21
Similarity: 134.6 null script.js:29:21
Found match! Fetching details for Scream Queens Naked Christmas null script.js:32:21
Similarity: 96 null script.js:29:21
Similarity: 77.7 null script.js:29:21
Found match! Fetching details for Scream, Teen, Scream! null script.js:32:21
Similarity: 27.4 null script.js:29:21
Similarity: 100.6 null script.js:29:21
Found match! Fetching details for Screaming Videotape #2 null script.js:32:21
Similarity: 189 null script.js:29:21
Similarity: 82.4 null script.js:29:21
Found match! Fetching details for Little Witches null script.js:32:21
Similarity: 80.39999999999999 null script.js:29:21
Found match! Fetching details for The Unspeakable null script.js:32:21
Search results for "Beetlejuice" (1988): 
Object { page: 1, results: (1) […], total_pages: 1, total_results: 1 }
script.js:29:21
Search result 
Array [ {…} ]
script.js:29:21
Similarity: 0 null script.js:29:21
No exact name and year match for "Beetlejuice" (1988), using first result as fallback null script.js:29:21
Using fallback: Beetlejuice (1988) null script.js:29:21
Movies remaining to process: 16 null script.js:32:21
Search results for "Little Shop of Horrors" (1986): 
Object { page: 1, results: (1) […], total_pages: 1, total_results: 1 }
script.js:29:21
Search result 
Array [ {…} ]
script.js:29:21
Similarity: 0 null script.js:29:21
No exact name and year match for "Little Shop of Horrors" (1986), using first result as fallback null script.js:29:21
Using fallback: Little Shop of Horrors (1986) null script.js:29:21
Movies remaining to process: 15 null script.js:32:21
Search results for "Summer Wars" (2009): 
Object { page: 1, results: (1) […], total_pages: 1, total_results: 1 }
script.js:29:21
Search result 
Array [ {…} ]
script.js:29:21
Similarity: 0 null script.js:29:21
No exact name and year match for "Summer Wars" (2009), using first result as fallback null script.js:29:21
Using fallback: Summer Wars (2009) null script.js:29:21
Movies remaining to process: 14 null script.js:32:21
Search results for "The Running Man" (1987): 
Object { page: 1, results: (1) […], total_pages: 1, total_results: 1 }
script.js:29:21
Search result 
Array [ {…} ]
script.js:29:21
Similarity: 0 null script.js:29:21
No exact name and year match for "The Running Man" (1987), using first result as fallback null script.js:29:21
Using fallback: The Running Man (1987) null script.js:29:21
Movies remaining to process: 13 null script.js:32:21
Search results for "Night of the Creeps" (1986): 
Object { page: 1, results: (1) […], total_pages: 1, total_results: 1 }
script.js:29:21
Search result 
Array [ {…} ]
script.js:29:21
Similarity: 0 null script.js:29:21
No exact name and year match for "Night of the Creeps" (1986), using first result as fallback null script.js:29:21
Using fallback: Night of the Creeps (1986) null script.js:29:21
Movies remaining to process: 12 null script.js:32:21
Search results for "Big Trouble in Little China" (1986): 
Object { page: 1, results: (1) […], total_pages: 1, total_results: 1 }
script.js:29:21
Search result 
Array [ {…} ]
script.js:29:21
Similarity: 0 null script.js:29:21
No exact name and year match for "Big Trouble in Little China" (1986), using first result as fallback null script.js:29:21
Using fallback: Big Trouble in Little China (1986) null script.js:29:21
Movies remaining to process: 11 null script.js:32:21
Search results for "Idle Hands" (1999): 
Object { page: 1, results: (1) […], total_pages: 1, total_results: 1 }
script.js:29:21
Search result 
Array [ {…} ]
script.js:29:21
Similarity: 0 null script.js:29:21
No exact name and year match for "Idle Hands" (1999), using first result as fallback null script.js:29:21
Using fallback: Idle Hands (1999) null script.js:29:21
Movies remaining to process: 10 null script.js:32:21
Search results for "Predator" (1987): 
Object { page: 1, results: (4) […], total_pages: 1, total_results: 4 }
script.js:29:21
Search result 
Array(4) [ {…}, {…}, {…}, {…} ]
script.js:29:21
Similarity: 0 null 2 script.js:29:21
Similarity: 48.4 null script.js:29:21
Similarity: 151.2 null script.js:29:21
No exact name and year match for "Predator" (1987), using first result as fallback null script.js:29:21
Using fallback: Predator (1987) null script.js:29:21
Movies remaining to process: 9 null script.js:32:21
Search results for "The Return of the Living Dead" (1985): 
Object { page: 1, results: (1) […], total_pages: 1, total_results: 1 }
script.js:29:21
Search result 
Array [ {…} ]
script.js:29:21
Similarity: 0 null script.js:29:21
No exact name and year match for "The Return of the Living Dead" (1985), using first result as fallback null script.js:29:21
Using fallback: The Return of the Living Dead (1985) null script.js:29:21
Movies remaining to process: 8 null script.js:32:21
Search results for "They Live" (1988): 
Object { page: 1, results: (18) […], total_pages: 1, total_results: 18 }
script.js:29:21
Search result 
Array(18) [ {…}, {…}, {…}, {…}, {…}, {…}, {…}, {…}, {…}, {…}, … ]
script.js:29:21
Similarity: 0 null script.js:29:21
Similarity: 95.19999999999999 null script.js:29:21
Found match! Fetching details for The Making of 'They Live' null script.js:32:21
Similarity: 87.8 null script.js:29:21
Found match! Fetching details for Frogs and How They Live null script.js:32:21
Similarity: 91.39999999999999 null script.js:29:21
Found match! Fetching details for Hurricane Live! 2032 null script.js:32:21
Similarity: 81.4 null script.js:29:21
Similarity: 193.39999999999998 null script.js:29:21
Found match! Fetching details for To Live, to Think, to Feel, to Love... null script.js:32:21
Similarity: 134.4 null script.js:29:21
Similarity: 118.8 null script.js:29:21
Found match! Fetching details for Remembering Means Living null script.js:32:21
Similarity: 162.20000000000002 null script.js:29:21
Found match! Fetching details for Testament:  Live at the Omni '88 null script.js:32:21
Similarity: 141.2 null script.js:29:21
Found match! Fetching details for Kenny G - Live at Montreux null script.js:32:21
Similarity: 146.2 null script.js:29:21
Found match! Fetching details for A Dead Man Visits the Living null script.js:32:21
Similarity: 157.6 null script.js:29:21
Found match! Fetching details for How Poets Are Enjoying Their Lives null script.js:32:21
Similarity: 80.6 null script.js:29:21
Similarity: 66.19999999999999 null script.js:29:21
Similarity: 172.4 null script.js:29:21
Found match! Fetching details for Oscar D' Leon - Live From London null script.js:32:21
Similarity: 160.2 null script.js:29:21
Found match! Fetching details for There Lived a Grandpa and Grandma null script.js:32:21
Similarity: 78.60000000000001 null script.js:29:21
Similarity: 129.6 null script.js:29:21
Found match! Fetching details for Uncle Lenin Lives in Russia null script.js:32:21
Search results for "Escape from New York" (1981): 
Object { page: 1, results: (1) […], total_pages: 1, total_results: 1 }
script.js:29:21
Search result 
Array [ {…} ]
script.js:29:21
Similarity: 0 null script.js:29:21
No exact name and year match for "Escape from New York" (1981), using first result as fallback null script.js:29:21
Using fallback: Escape from New York (1981) null script.js:29:21
Movies remaining to process: 7 null script.js:32:21
Search results for "The Final Girls" (2015): 
Object { page: 1, results: (1) […], total_pages: 1, total_results: 1 }
script.js:29:21
Search result 
Array [ {…} ]
script.js:29:21
Similarity: 0 null script.js:29:21
No exact name and year match for "The Final Girls" (2015), using first result as fallback null script.js:29:21
Using fallback: The Final Girls (2015) null script.js:29:21
Movies remaining to process: 6 null script.js:32:21
Search results for "Tucker and Dale vs. Evil" (2010): 
Object { page: 1, results: (1) […], total_pages: 1, total_results: 1 }
script.js:29:21
Search result 
Array [ {…} ]
script.js:29:21
Similarity: 0 null script.js:29:21
No exact name and year match for "Tucker and Dale vs. Evil" (2010), using first result as fallback null script.js:29:21
Using fallback: Tucker and Dale vs. Evil (2010) null script.js:29:21
Movies remaining to process: 5 null script.js:32:21
Search results for "The Texas Chain Saw Massacre" (1974): 
Object { page: 1, results: (1) […], total_pages: 1, total_results: 1 }
script.js:29:21
Search result 
Array [ {…} ]
script.js:29:21
Similarity: 0 null script.js:29:21
No exact name and year match for "The Texas Chain Saw Massacre" (1974), using first result as fallback null script.js:29:21
Using fallback: The Texas Chain Saw Massacre (1974) null script.js:29:21
Movies remaining to process: 4 null script.js:32:21
Detail result 
Object { adult: false, backdrop_path: null, belongs_to_collection: null, budget: 0, genres: (2) […], homepage: "", id: 247806, imdb_id: "tt4575526", origin_country: (1) […], original_language: "lv", … }
script.js:29:21
Updated movie 17: 
Object { title: "Forgotten Things", poster: "https://image.tmdb.org/t/p/w500null", genres: (2) […], synopsis: "" }
script.js:29:21
Movie details fetched for: Forgotten Things null script.js:32:21
Detail result 
Object { adult: false, backdrop_path: null, belongs_to_collection: null, budget: 0, genres: (1) […], homepage: "", id: 1336350, imdb_id: null, origin_country: (1) […], original_language: "en", … }
script.js:29:21
Updated movie 14: 
Object { title: "Frogs and How They Live", poster: "https://image.tmdb.org/t/p/w500/2YFQVSDVjRoNebQrxh1mXPzRhkw.jpg", genres: (1) […], synopsis: "We've all read funny stories about frogs, why there's Mark Twains Jumping Frog of Calaveras County, and The Frog Prince, and who could forget Kermit the Frog! But what about the real thing?" }
script.js:29:21
Movie details fetched for: Frogs and How They Live null script.js:32:21
Uncaught ReferenceError: detailCb_17 is not defined
    <anonymous> https://script.google.com/macros/s/AKfycbyPj4t_9siY080jxDzSmAWfPjdSSW8872k0mVkXYVb5lU2PdkgTDy7Q9LJOQRba1uOoew/exec?action=movie&id=410464&callback=detailCb_17:1
exec:1:1
Uncaught ReferenceError: detailCb_17 is not defined
    <anonymous> https://script.google.com/macros/s/AKfycbyPj4t_9siY080jxDzSmAWfPjdSSW8872k0mVkXYVb5lU2PdkgTDy7Q9LJOQRba1uOoew/exec?action=movie&id=901269&callback=detailCb_17:1
exec:1:1
Uncaught ReferenceError: detailCb_17 is not defined
    <anonymous> https://script.google.com/macros/s/AKfycbyPj4t_9siY080jxDzSmAWfPjdSSW8872k0mVkXYVb5lU2PdkgTDy7Q9LJOQRba1uOoew/exec?action=movie&id=741271&callback=detailCb_17:1
exec:1:1
Uncaught ReferenceError: detailCb_17 is not defined
    <anonymous> https://script.google.com/macros/s/AKfycbyPj4t_9siY080jxDzSmAWfPjdSSW8872k0mVkXYVb5lU2PdkgTDy7Q9LJOQRba1uOoew/exec?action=movie&id=1172981&callback=detailCb_17:1
exec:1:1
Detail result 
Object { adult: false, backdrop_path: null, belongs_to_collection: null, budget: 0, genres: (2) […], homepage: "", id: 30401, imdb_id: "tt0180984", origin_country: (1) […], original_language: "en", … }
script.js:29:21
Updated movie 5: 
Object { title: "Scream Queens Naked Christmas", poster: "https://image.tmdb.org/t/p/w500/41vmO4hAeirx1zj5dSimAOx67eV.jpg", genres: (2) […], synopsis: "Scream Queens celebrate Christmas with no clothes on." }
script.js:29:21
Movie details fetched for: Scream Queens Naked Christmas null script.js:32:21
Uncaught ReferenceError: detailCb_5 is not defined
    <anonymous> https://script.google.com/macros/s/AKfycbyPj4t_9siY080jxDzSmAWfPjdSSW8872k0mVkXYVb5lU2PdkgTDy7Q9LJOQRba1uOoew/exec?action=movie&id=223281&callback=detailCb_5:1
exec:1:1
Uncaught ReferenceError: detailCb_5 is not defined
    <anonymous> https://script.google.com/macros/s/AKfycbyPj4t_9siY080jxDzSmAWfPjdSSW8872k0mVkXYVb5lU2PdkgTDy7Q9LJOQRba1uOoew/exec?action=movie&id=33990&callback=detailCb_5:1
exec:1:1
Uncaught ReferenceError: detailCb_14 is not defined
    <anonymous> https://script.google.com/macros/s/AKfycbyPj4t_9siY080jxDzSmAWfPjdSSW8872k0mVkXYVb5lU2PdkgTDy7Q9LJOQRba1uOoew/exec?action=movie&id=267939&callback=detailCb_14:1
exec:1:1
Uncaught ReferenceError: detailCb_5 is not defined
    <anonymous> https://script.google.com/macros/s/AKfycbyPj4t_9siY080jxDzSmAWfPjdSSW8872k0mVkXYVb5lU2PdkgTDy7Q9LJOQRba1uOoew/exec?action=movie&id=463155&callback=detailCb_5:1
exec:1:1
Uncaught ReferenceError: detailCb_14 is not defined
    <anonymous> https://script.google.com/macros/s/AKfycbyPj4t_9siY080jxDzSmAWfPjdSSW8872k0mVkXYVb5lU2PdkgTDy7Q9LJOQRba1uOoew/exec?action=movie&id=946543&callback=detailCb_14:1
exec:1:1
Uncaught ReferenceError: detailCb_14 is not defined
    <anonymous> https://script.google.com/macros/s/AKfycbyPj4t_9siY080jxDzSmAWfPjdSSW8872k0mVkXYVb5lU2PdkgTDy7Q9LJOQRba1uOoew/exec?action=movie&id=505538&callback=detailCb_14:1
exec:1:1
Uncaught ReferenceError: detailCb_14 is not defined
    <anonymous> https://script.google.com/macros/s/AKfycbyPj4t_9siY080jxDzSmAWfPjdSSW8872k0mVkXYVb5lU2PdkgTDy7Q9LJOQRba1uOoew/exec?action=movie&id=336801&callback=detailCb_14:1
exec:1:1
Uncaught ReferenceError: detailCb_14 is not defined
    <anonymous> https://script.google.com/macros/s/AKfycbyPj4t_9siY080jxDzSmAWfPjdSSW8872k0mVkXYVb5lU2PdkgTDy7Q9LJOQRba1uOoew/exec?action=movie&id=65918&callback=detailCb_14:1
exec:1:1
Uncaught ReferenceError: detailCb_14 is not defined
    <anonymous> https://script.google.com/macros/s/AKfycbyPj4t_9siY080jxDzSmAWfPjdSSW8872k0mVkXYVb5lU2PdkgTDy7Q9LJOQRba1uOoew/exec?action=movie&id=580771&callback=detailCb_14:1
exec:1:1
Uncaught ReferenceError: detailCb_17 is not defined
    <anonymous> https://script.google.com/macros/s/AKfycbyPj4t_9siY080jxDzSmAWfPjdSSW8872k0mVkXYVb5lU2PdkgTDy7Q9LJOQRba1uOoew/exec?action=movie&id=30363&callback=detailCb_17:1
exec:1:1
Uncaught ReferenceError: detailCb_14 is not defined
    <anonymous> https://script.google.com/macros/s/AKfycbyPj4t_9siY080jxDzSmAWfPjdSSW8872k0mVkXYVb5lU2PdkgTDy7Q9LJOQRba1uOoew/exec?action=movie&id=285981&callback=detailCb_14:1
exec:1:1
Detail result 
Object { adult: false, backdrop_path: null, belongs_to_collection: null, budget: 0, genres: [], homepage: "", id: 1330686, imdb_id: null, origin_country: (1) […], original_language: "hu", … }
script.js:29:21
Updated movie 7: 
Object { title: "Paprika Western", poster: "https://image.tmdb.org/t/p/w500/efVebdQebZShlMzhEw6erByUnGU.jpg", genres: [], synopsis: "This is not a spaghetti western... this is a paprika western from Hungary!" }
script.js:29:21
Movie details fetched for: Paprika Western null script.js:32:21
Uncaught ReferenceError: detailCb_17 is not defined
    <anonymous> https://script.google.com/macros/s/AKfycbyPj4t_9siY080jxDzSmAWfPjdSSW8872k0mVkXYVb5lU2PdkgTDy7Q9LJOQRba1uOoew/exec?action=movie&id=1041504&callback=detailCb_17:1
exec:1:1
Uncaught ReferenceError: detailCb_14 is not defined
    <anonymous> https://script.google.com/macros/s/AKfycbyPj4t_9siY080jxDzSmAWfPjdSSW8872k0mVkXYVb5lU2PdkgTDy7Q9LJOQRba1uOoew/exec?action=movie&id=1112679&callback=detailCb_14:1
exec:1:1
Uncaught ReferenceError: detailCb_14 is not defined
    <anonymous> https://script.google.com/macros/s/AKfycbyPj4t_9siY080jxDzSmAWfPjdSSW8872k0mVkXYVb5lU2PdkgTDy7Q9LJOQRba1uOoew/exec?action=movie&id=1203966&callback=detailCb_14:1
exec:1:1
Uncaught ReferenceError: detailCb_14 is not defined
    <anonymous> https://script.google.com/macros/s/AKfycbyPj4t_9siY080jxDzSmAWfPjdSSW8872k0mVkXYVb5lU2PdkgTDy7Q9LJOQRba1uOoew/exec?action=movie&id=1494655&callback=detailCb_14:1
exec:1:1
Uncaught ReferenceError: detailCb_14 is not defined
    <anonymous> https://script.google.com/macros/s/AKfycbyPj4t_9siY080jxDzSmAWfPjdSSW8872k0mVkXYVb5lU2PdkgTDy7Q9LJOQRba1uOoew/exec?action=movie&id=453582&callback=detailCb_14:1
exec:1:1
Uncaught ReferenceError: detailCb_5 is not defined
    <anonymous> https://script.google.com/macros/s/AKfycbyPj4t_9siY080jxDzSmAWfPjdSSW8872k0mVkXYVb5lU2PdkgTDy7Q9LJOQRba1uOoew/exec?action=movie&id=965847&callback=detailCb_5:1
exec:1:1
No videos for movie ID 410464 null script.js:38:21
Movies remaining to process: 3 null script.js:32:21
Videos fetched for: Scream Queens Naked Christmas (1 videos) null script.js:32:21
Movies remaining to process: 2 null script.js:32:21
No videos for movie ID 1330686 null script.js:38:21
Movies remaining to process: 1 null script.js:32:21
No videos for movie ID 1203966 null script.js:38:21
Movies remaining to process: 0 null script.js:32:21
All movies processed! Loading complete. null script.js:32:21
All movies fully loaded: false script.js:29:21
Movies not fully loaded yet, waiting... null script.js:32:21
