Raw response from Google Sheet: 
Array(21) [ "Predator (1987)", "The Texas Chain Saw Massacre (1974)", "Summer Wars (2009)", "The Final Girls (2015)", "Idle Hands (1999)", "Scream (1996)", "Beetlejuice (1988)", "Paprika (2006)", "Perfect Blue (1997)", "The Return of the Living Dead (1985)", … ]
script.js:34:13
Processing movie 0: Predator (1987) script.js:38:17
Processing movie 1: The Texas Chain Saw Massacre (1974) script.js:38:17
Processing movie 2: Summer Wars (2009) script.js:38:17
Processing movie 3: The Final Girls (2015) script.js:38:17
Processing movie 4: Idle Hands (1999) script.js:38:17
Processing movie 5: Scream (1996) script.js:38:17
Processing movie 6: Beetlejuice (1988) script.js:38:17
Processing movie 7: Paprika (2006) script.js:38:17
Processing movie 8: Perfect Blue (1997) script.js:38:17
Processing movie 9: The Return of the Living Dead (1985) script.js:38:17
Processing movie 10: Little Shop of Horrors (1986) script.js:38:17
Processing movie 11: Big Trouble in Little China (1986) script.js:38:17
Processing movie 12: The Running Man (1987) script.js:38:17
Processing movie 13: Escape from New York (1981) script.js:38:17
Processing movie 14: They Live (1988) script.js:38:17
Processing movie 15: House (1977) script.js:38:17
Processing movie 16: Night of the Creeps (1986) script.js:38:17
Processing movie 17: The Thing (1982) script.js:38:17
Processing movie 18: Redline (2009) script.js:38:17
Processing movie 19: Vampire Hunter D: Bloodlust (2000) script.js:38:17
Processing movie 20: Tucker and Dale vs. Evil (2010) script.js:38:17
Processed movie data: 
Array(21) [ {…}, {…}, {…}, {…}, {…}, {…}, {…}, {…}, {…}, {…}, … ]
script.js:53:15
Movies remaining to process: 20 script.js:170:11
Movies remaining to process: 19 script.js:170:11
Movies remaining to process: 18 script.js:170:11
Movies remaining to process: 17 script.js:170:11
Movies remaining to process: 16 script.js:170:11
Movies remaining to process: 15 script.js:170:11
Movies remaining to process: 14 script.js:170:11
Movies remaining to process: 13 script.js:170:11
Movies remaining to process: 12 script.js:170:11
Movies remaining to process: 11 script.js:170:11
Movies remaining to process: 10 script.js:170:11
Movies remaining to process: 9 script.js:170:11
Movies remaining to process: 8 script.js:170:11
Movies remaining to process: 7 script.js:170:11
Movies remaining to process: 6 script.js:170:11
Movies remaining to process: 5 script.js:170:11
Movies remaining to process: 4 script.js:170:11
Movies remaining to process: 3 script.js:170:11
Movies remaining to process: 2 script.js:170:11
Movies remaining to process: 1 script.js:170:11
Movies remaining to process: 0 script.js:170:11
All movies processed! Loading complete. script.js:173:13
All movies fully loaded: false script.js:178:13
Movies not fully loaded yet, waiting... script.js:193:15
Creating slides in showMoviePoll with movieData: 
Array(21) [ {…}, {…}, {…}, {…}, {…}, {…}, {…}, {…}, {…}, {…}, … ]
script.js:542:13
Creating slides with movies: 
Array(21) [ {…}, {…}, {…}, {…}, {…}, {…}, {…}, {…}, {…}, {…}, … ]
script.js:212:11
Creating slide 0: 
Object { _title: "Predator", _year: "1987", _poster: "", _genres: [], _synopsis: "", _runtime: "", _videos: [], _votes: [], hasAnsweredSeen: false, hasSeen: null, … }
script.js:217:13
Creating slide 1: 
Object { _title: "The Texas Chain Saw Massacre", _year: "1974", _poster: "", _genres: [], _synopsis: "", _runtime: "", _videos: [], _votes: [], hasAnsweredSeen: false, hasSeen: null, … }
script.js:217:13
Creating slide 2: 
Object { _title: "Summer Wars", _year: "2009", _poster: "", _genres: [], _synopsis: "", _runtime: "", _videos: [], _votes: [], hasAnsweredSeen: false, hasSeen: null, … }
script.js:217:13
Creating slide 3: 
Object { _title: "The Final Girls", _year: "2015", _poster: "", _genres: [], _synopsis: "", _runtime: "", _videos: [], _votes: [], hasAnsweredSeen: false, hasSeen: null, … }
script.js:217:13
Creating slide 4: 
Object { _title: "Idle Hands", _year: "1999", _poster: "", _genres: [], _synopsis: "", _runtime: "", _videos: [], _votes: [], hasAnsweredSeen: false, hasSeen: null, … }
script.js:217:13
Creating slide 5: 
Object { _title: "Scream", _year: "1996", _poster: "", _genres: [], _synopsis: "", _runtime: "", _videos: [], _votes: [], hasAnsweredSeen: false, hasSeen: null, … }
script.js:217:13
Creating slide 6: 
Object { _title: "Beetlejuice", _year: "1988", _poster: "", _genres: [], _synopsis: "", _runtime: "", _videos: [], _votes: [], hasAnsweredSeen: false, hasSeen: null, … }
script.js:217:13
Creating slide 7: 
Object { _title: "Paprika", _year: "2006", _poster: "", _genres: [], _synopsis: "", _runtime: "", _videos: [], _votes: [], hasAnsweredSeen: false, hasSeen: null, … }
script.js:217:13
Creating slide 8: 
Object { _title: "Perfect Blue", _year: "1997", _poster: "", _genres: [], _synopsis: "", _runtime: "", _videos: [], _votes: [], hasAnsweredSeen: false, hasSeen: null, … }
script.js:217:13
Creating slide 9: 
Object { _title: "The Return of the Living Dead", _year: "1985", _poster: "", _genres: [], _synopsis: "", _runtime: "", _videos: [], _votes: [], hasAnsweredSeen: false, hasSeen: null, … }
script.js:217:13
Creating slide 10: 
Object { _title: "Little Shop of Horrors", _year: "1986", _poster: "", _genres: [], _synopsis: "", _runtime: "", _videos: [], _votes: [], hasAnsweredSeen: false, hasSeen: null, … }
script.js:217:13
Creating slide 11: 
Object { _title: "Big Trouble in Little China", _year: "1986", _poster: "", _genres: [], _synopsis: "", _runtime: "", _videos: [], _votes: [], hasAnsweredSeen: false, hasSeen: null, … }
script.js:217:13
Creating slide 12: 
Object { _title: "The Running Man", _year: "1987", _poster: "", _genres: [], _synopsis: "", _runtime: "", _videos: [], _votes: [], hasAnsweredSeen: false, hasSeen: null, … }
script.js:217:13
Creating slide 13: 
Object { _title: "Escape from New York", _year: "1981", _poster: "", _genres: [], _synopsis: "", _runtime: "", _videos: [], _votes: [], hasAnsweredSeen: false, hasSeen: null, … }
script.js:217:13
Creating slide 14: 
Object { _title: "They Live", _year: "1988", _poster: "", _genres: [], _synopsis: "", _runtime: "", _videos: [], _votes: [], hasAnsweredSeen: false, hasSeen: null, … }
script.js:217:13
Creating slide 15: 
Object { _title: "House", _year: "1977", _poster: "", _genres: [], _synopsis: "", _runtime: "", _videos: [], _votes: [], hasAnsweredSeen: false, hasSeen: null, … }
script.js:217:13
Creating slide 16: 
Object { _title: "Night of the Creeps", _year: "1986", _poster: "", _genres: [], _synopsis: "", _runtime: "", _videos: [], _votes: [], hasAnsweredSeen: false, hasSeen: null, … }
script.js:217:13
Creating slide 17: 
Object { _title: "The Thing", _year: "1982", _poster: "", _genres: [], _synopsis: "", _runtime: "", _videos: [], _votes: [], hasAnsweredSeen: false, hasSeen: null, … }
script.js:217:13
Creating slide 18: 
Object { _title: "Redline", _year: "2009", _poster: "", _genres: [], _synopsis: "", _runtime: "", _videos: [], _votes: [], hasAnsweredSeen: false, hasSeen: null, … }
script.js:217:13
Creating slide 19: 
Object { _title: "Vampire Hunter D: Bloodlust", _year: "2000", _poster: "", _genres: [], _synopsis: "", _runtime: "", _videos: [], _votes: [], hasAnsweredSeen: false, hasSeen: null, … }
script.js:217:13
Creating slide 20: 
Object { _title: "Tucker and Dale vs. Evil", _year: "2010", _poster: "", _genres: [], _synopsis: "", _runtime: "", _videos: [], _votes: [], hasAnsweredSeen: false, hasSeen: null, … }
script.js:217:13
