Invalid movie list response - expected array but got: 
Object { debug: true }
script.js:37:21
    logging script.ts:61
    fetchMovieTitles script.ts:102
    <anonymous> exec:1
Received debug response instead of movie list null script.js:40:21
No movies to process, skipping search and fetch null script.js:40:21
Movies remaining to process: -1 null script.js:34:21
No good match found for "Vampire Hunter D: Bloodlust" - best similarity too poor: 138.6 null script.js:40:21
Movies remaining to process: 20 null script.js:34:21
Found exact year match! Fetching details for Night of the Creeps null script.js:34:21
Movies remaining to process: 19 null script.js:34:21
Found exact year match! Fetching details for The Texas Chain Saw Massacre null script.js:34:21
Movies remaining to process: 18 null script.js:34:21
No good match found for "The Texas Chain Saw Massacre" - best similarity too poor: 94.99999999999999 null script.js:40:21
Movies remaining to process: 17 null script.js:34:21
Found exact year match! Fetching details for Big Trouble in Little China null script.js:34:21
Movies remaining to process: 16 null script.js:34:21
No good match found for "Night of the Creeps" - best similarity too poor: 111.39999999999999 null script.js:40:21
Movies remaining to process: 15 null script.js:34:21
Found exact year match! Fetching details for Vampire Hunter D: Bloodlust null script.js:34:21
Movies remaining to process: 14 null script.js:34:21
No good match found for "The Running Man" - best similarity too poor: 79.60000000000001 null script.js:40:21
Movies remaining to process: 13 null script.js:34:21
No good match found for "The Texas Chain Saw Massacre" - best similarity too poor: 75.89999999999999 null script.js:40:21
Movies remaining to process: 12 null script.js:34:21
No good match found for "The Texas Chain Saw Massacre" - best similarity too poor: 92.2 null script.js:40:21
Movies remaining to process: 11 null script.js:34:21
No good match found for "The Running Man" - best similarity too poor: 122.19999999999999 null script.js:40:21
Movies remaining to process: 10 null script.js:34:21
No good match found for "Night of the Creeps" - best similarity too poor: 89.79999999999998 null script.js:40:21
Movies remaining to process: 9 null script.js:34:21
No good match found for "Big Trouble in Little China" - best similarity too poor: 85 null script.js:40:21
Movies remaining to process: 8 null script.js:34:21
No good match found for "Vampire Hunter D: Bloodlust" - best similarity too poor: 65.6 null script.js:40:21
Movies remaining to process: 7 null script.js:34:21
No good match found for "Big Trouble in Little China" - best similarity too poor: 53.8 null script.js:40:21
Movies remaining to process: 6 null script.js:34:21
No good match found for "Vampire Hunter D: Bloodlust" - best similarity too poor: 95.7 null script.js:40:21
Movies remaining to process: 5 null script.js:34:21
Found exact year match! Fetching details for The Running Man null script.js:34:21
Movies remaining to process: 4 null script.js:34:21
No good match found for "Vampire Hunter D: Bloodlust" - best similarity too poor: 92.29999999999998 null script.js:40:21
Movies remaining to process: 3 null script.js:34:21
No good match found for "Vampire Hunter D: Bloodlust" - best similarity too poor: 163.99999999999997 null script.js:40:21
Movies remaining to process: 2 null script.js:34:21
No good match found for "Vampire Hunter D: Bloodlust" - best similarity too poor: 95.7 null script.js:40:21
Movies remaining to process: 1 null script.js:34:21
No good match found for "Night of the Creeps" - best similarity too poor: 50.9 null script.js:40:21
Movies remaining to process: 0 null script.js:34:21
All movies processed! Loading complete. null script.js:34:21
Movies not fully loaded yet, waiting... null script.js:34:21
